── Dataset summary ──────────────────────────────────────
  Total rows    :   89,675
  Paid rows     :   32,494
  ROAS > 0      :    9,071  (27.9% of paid)
  Conversion %  : 11.77%
  Zero-ROAS %   : 72.1%
─────────────────────────────────────────────────────────
  Fixed split — train:174  val:24  test:24  (shared across all seeds)

══ Seed 42 ══════════════════════════════════
  Augmentation: 174 → ~870 (+232 per method)
  [1/3] Training β-VAE ...
    VAE Ep 100: loss=53648.92
    VAE Ep 200: loss=45476.11
    VAE Ep 300: loss=38695.28
  [2/3] Gaussian Copula ...
    Copula KS validation: mean_KS=0.097 (lower = more realistic)
  [3/3] Moving Block Bootstrap ...
  FSD = 1.6359  [PASS ✓]  (threshold: <2.0 accept, >5.0 reject)
    seed=42  BayesianLSTM   RMSE=1.3420
    seed=42  LSTM           RMSE=1.2099
    seed=42  GRU            RMSE=1.3984
    seed=42  BiLSTM         RMSE=1.4998
    seed=42  Mamba          RMSE=1.6356
    seed=42  Ridge          RMSE=1.6033
    seed=42  MLP            RMSE=1.7086

══ Seed 1 ══════════════════════════════════
  Augmentation: 174 → ~870 (+232 per method)
  [1/3] Training β-VAE ...
    VAE Ep 100: loss=53648.92
    VAE Ep 200: loss=45476.11
    VAE Ep 300: loss=38695.28
  [2/3] Gaussian Copula ...
    Copula KS validation: mean_KS=0.097 (lower = more realistic)
  [3/3] Moving Block Bootstrap ...
  FSD = 1.8546  [PASS ✓]  (threshold: <2.0 accept, >5.0 reject)
    seed=1  BayesianLSTM   RMSE=1.3775
    seed=1  LSTM           RMSE=1.4833
    seed=1  GRU            RMSE=1.4784
    seed=1  BiLSTM         RMSE=1.4563
    seed=1  Mamba          RMSE=1.8272
    seed=1  Ridge          RMSE=1.6033
    seed=1  MLP            RMSE=1.6651

══ Seed 7 ══════════════════════════════════
  Augmentation: 174 → ~870 (+232 per method)
  [1/3] Training β-VAE ...
    VAE Ep 100: loss=53648.92
    VAE Ep 200: loss=45476.11
    VAE Ep 300: loss=38695.28
  [2/3] Gaussian Copula ...
    Copula KS validation: mean_KS=0.097 (lower = more realistic)
  [3/3] Moving Block Bootstrap ...
  FSD = 0.4626  [PASS ✓]  (threshold: <2.0 accept, >5.0 reject)
    seed=7  BayesianLSTM   RMSE=1.3281
    seed=7  LSTM           RMSE=1.6415
    seed=7  GRU            RMSE=1.4954
    seed=7  BiLSTM         RMSE=1.5102
    seed=7  Mamba          RMSE=1.4736
    seed=7  Ridge          RMSE=1.6033
    seed=7  MLP            RMSE=2.2247

══ Seed 123 ══════════════════════════════════
  Augmentation: 174 → ~870 (+232 per method)
  [1/3] Training β-VAE ...
    VAE Ep 100: loss=53648.92
    VAE Ep 200: loss=45476.11
    VAE Ep 300: loss=38695.28
  [2/3] Gaussian Copula ...
    Copula KS validation: mean_KS=0.097 (lower = more realistic)
  [3/3] Moving Block Bootstrap ...
  FSD = 0.4160  [PASS ✓]  (threshold: <2.0 accept, >5.0 reject)
    seed=123  BayesianLSTM   RMSE=1.3713
    seed=123  LSTM           RMSE=1.5563
    seed=123  GRU            RMSE=1.3924
    seed=123  BiLSTM         RMSE=1.1857
    seed=123  Mamba          RMSE=1.4772
    seed=123  Ridge          RMSE=1.6033
    seed=123  MLP            RMSE=1.6935

══ Seed 2024 ══════════════════════════════════
  Augmentation: 174 → ~870 (+232 per method)
  [1/3] Training β-VAE ...
    VAE Ep 100: loss=53648.92
    VAE Ep 200: loss=45476.11
    VAE Ep 300: loss=38695.28
  [2/3] Gaussian Copula ...
    Copula KS validation: mean_KS=0.097 (lower = more realistic)
  [3/3] Moving Block Bootstrap ...
  FSD = 2.2343  [WARN ⚠]  (threshold: <2.0 accept, >5.0 reject)
    seed=2024  BayesianLSTM   RMSE=1.3829
    seed=2024  LSTM           RMSE=1.5196
    seed=2024  GRU            RMSE=1.2756
    seed=2024  BiLSTM         RMSE=1.6364
    seed=2024  Mamba          RMSE=1.7134
    seed=2024  Ridge          RMSE=1.6033
    seed=2024  MLP            RMSE=1.8502

Saved per-seed raw results → table7_multiseed_raw.csv

══ Cross-seed summary ══════════════════════════════
architecture  mean_RMSE  sd_RMSE  n_seeds
BayesianLSTM     1.3604   0.0240        5
         GRU     1.4080   0.0873        5
      BiLSTM     1.4577   0.1661        5
        LSTM     1.4821   0.1631        5
       Ridge     1.6033   0.0000        5
       Mamba     1.6254   0.1530        5
         MLP     1.8284   0.2328        5

  % of seeds where architecture ranks #1 (lowest RMSE):
architecture
BayesianLSTM    40.0
BiLSTM          20.0
GRU             20.0
LSTM            20.0
MLP              0.0
Mamba            0.0
Ridge            0.0

  Kendall's W (rank concordance across 5 seeds, 7 architectures) = 0.6514
    W→1: ranking essentially identical across seeds (Table 7 ordering is stable).
    W→0: ranking close to random from seed to seed (Table 7 ordering is largely a single-seed artifact).

  Friedman test across architectures (blocks = seeds): chi2=19.5429, p=0.0033
    A significant result (p<.05) says architecture RMSEs are not interchangeable across the seed panel — consistent with (though not proof of) a genuine, seed-independent ranking.
Saved summary → table7_multiseed_raw_summary.csv

✅ Multi-seed stability check (Section 8.2 follow-up) complete.
