── Dataset summary ──────────────────────────────────────
  Total rows    :   89,675
  Paid rows     :   32,494
  ROAS > 0      :    9,071  (27.9% of paid)
  Conversion %  : 11.77%
  Zero-ROAS %   : 72.1%
─────────────────────────────────────────────────────────
  Fixed split — train:174  val:24  test:24  (shared across both conditions, all seeds)

══ Seed 42 ══════════════════════════════════

  -- REAL-ONLY (n=174) --
    seed=42  BayesianLSTM   RMSE=1.2518
    seed=42  LSTM           RMSE=1.3167
    seed=42  GRU            RMSE=1.2819
    seed=42  BiLSTM         RMSE=1.3477
    seed=42  Mamba          RMSE=1.4161
    seed=42  Ridge          RMSE=1.3764
    seed=42  MLP            RMSE=4.3753

  -- AUGMENTED (n~800) --
  Augmentation: 174 → ~870 (+232 per method)
  [1/3] Training β-VAE ...
    VAE Ep 100: loss=53648.92
    VAE Ep 200: loss=45476.11
    VAE Ep 300: loss=38695.28
  [2/3] Gaussian Copula ...
    Copula KS validation: mean_KS=0.097 (lower = more realistic)
  [3/3] Moving Block Bootstrap ...
  FSD = 1.6359  [PASS ✓]  (threshold: <2.0 accept, >5.0 reject)
    seed=42  BayesianLSTM   RMSE=1.3420
    seed=42  LSTM           RMSE=1.2099
    seed=42  GRU            RMSE=1.3984
    seed=42  BiLSTM         RMSE=1.4998
    seed=42  Mamba          RMSE=1.6356
    seed=42  Ridge          RMSE=1.6033
    seed=42  MLP            RMSE=1.7086

══ Seed 1 ══════════════════════════════════

  -- REAL-ONLY (n=174) --
    seed=1  BayesianLSTM   RMSE=1.2503
    seed=1  LSTM           RMSE=1.3805
    seed=1  GRU            RMSE=1.3778
    seed=1  BiLSTM         RMSE=1.4332
    seed=1  Mamba          RMSE=1.4730
    seed=1  Ridge          RMSE=1.3764
    seed=1  MLP            RMSE=4.7426

  -- AUGMENTED (n~800) --
  Augmentation: 174 → ~870 (+232 per method)
  [1/3] Training β-VAE ...
    VAE Ep 100: loss=53648.92
    VAE Ep 200: loss=45476.11
    VAE Ep 300: loss=38695.28
  [2/3] Gaussian Copula ...
    Copula KS validation: mean_KS=0.097 (lower = more realistic)
  [3/3] Moving Block Bootstrap ...
  FSD = 1.8546  [PASS ✓]  (threshold: <2.0 accept, >5.0 reject)
    seed=1  BayesianLSTM   RMSE=1.3775
    seed=1  LSTM           RMSE=1.4833
    seed=1  GRU            RMSE=1.4784
    seed=1  BiLSTM         RMSE=1.4563
    seed=1  Mamba          RMSE=1.8272
    seed=1  Ridge          RMSE=1.6033
    seed=1  MLP            RMSE=1.6651

══ Seed 7 ══════════════════════════════════

  -- REAL-ONLY (n=174) --
    seed=7  BayesianLSTM   RMSE=1.2997
    seed=7  LSTM           RMSE=1.4564
    seed=7  GRU            RMSE=1.4029
    seed=7  BiLSTM         RMSE=1.4235
    seed=7  Mamba          RMSE=1.4795
    seed=7  Ridge          RMSE=1.3764
    seed=7  MLP            RMSE=4.1718

  -- AUGMENTED (n~800) --
  Augmentation: 174 → ~870 (+232 per method)
  [1/3] Training β-VAE ...
    VAE Ep 100: loss=53648.92
    VAE Ep 200: loss=45476.11
    VAE Ep 300: loss=38695.28
  [2/3] Gaussian Copula ...
    Copula KS validation: mean_KS=0.097 (lower = more realistic)
  [3/3] Moving Block Bootstrap ...
  FSD = 0.4626  [PASS ✓]  (threshold: <2.0 accept, >5.0 reject)
    seed=7  BayesianLSTM   RMSE=1.3281
    seed=7  LSTM           RMSE=1.6415
    seed=7  GRU            RMSE=1.4954
    seed=7  BiLSTM         RMSE=1.5102
    seed=7  Mamba          RMSE=1.4736
    seed=7  Ridge          RMSE=1.6033
    seed=7  MLP            RMSE=2.2247

══ Seed 123 ══════════════════════════════════

  -- REAL-ONLY (n=174) --
    seed=123  BayesianLSTM   RMSE=1.2234
    seed=123  LSTM           RMSE=1.4743
    seed=123  GRU            RMSE=1.4031
    seed=123  BiLSTM         RMSE=1.4012
    seed=123  Mamba          RMSE=1.4360
    seed=123  Ridge          RMSE=1.3764
    seed=123  MLP            RMSE=4.4609

  -- AUGMENTED (n~800) --
  Augmentation: 174 → ~870 (+232 per method)
  [1/3] Training β-VAE ...
    VAE Ep 100: loss=53648.92
    VAE Ep 200: loss=45476.11
    VAE Ep 300: loss=38695.28
  [2/3] Gaussian Copula ...
    Copula KS validation: mean_KS=0.097 (lower = more realistic)
  [3/3] Moving Block Bootstrap ...
  FSD = 0.4160  [PASS ✓]  (threshold: <2.0 accept, >5.0 reject)
    seed=123  BayesianLSTM   RMSE=1.3713
    seed=123  LSTM           RMSE=1.5563
    seed=123  GRU            RMSE=1.3924
    seed=123  BiLSTM         RMSE=1.1857
    seed=123  Mamba          RMSE=1.4772
    seed=123  Ridge          RMSE=1.6033
    seed=123  MLP            RMSE=1.6935

══ Seed 2024 ══════════════════════════════════

  -- REAL-ONLY (n=174) --
    seed=2024  BayesianLSTM   RMSE=1.1774
    seed=2024  LSTM           RMSE=1.2132
    seed=2024  GRU            RMSE=1.3914
    seed=2024  BiLSTM         RMSE=1.4475
    seed=2024  Mamba          RMSE=1.3728
    seed=2024  Ridge          RMSE=1.3764
    seed=2024  MLP            RMSE=4.3980

  -- AUGMENTED (n~800) --
  Augmentation: 174 → ~870 (+232 per method)
  [1/3] Training β-VAE ...
    VAE Ep 100: loss=53648.92
    VAE Ep 200: loss=45476.11
    VAE Ep 300: loss=38695.28
  [2/3] Gaussian Copula ...
    Copula KS validation: mean_KS=0.097 (lower = more realistic)
  [3/3] Moving Block Bootstrap ...
  FSD = 2.2343  [WARN ⚠]  (threshold: <2.0 accept, >5.0 reject)
    seed=2024  BayesianLSTM   RMSE=1.3829
    seed=2024  LSTM           RMSE=1.5196
    seed=2024  GRU            RMSE=1.2756
    seed=2024  BiLSTM         RMSE=1.6364
    seed=2024  Mamba          RMSE=1.7134
    seed=2024  Ridge          RMSE=1.6033
    seed=2024  MLP            RMSE=1.8502

Saved per-seed raw results → table_ablation_raw.csv
Saved DM comparisons → table_ablation_raw_dm.csv

══ Ablation summary: REAL vs AUGMENTED ═════════════
condition     augmented    real  diff_aug_minus_real  pct_change
architecture                                                    
BayesianLSTM     1.3604  1.2405               0.1199      9.6620
BiLSTM           1.4577  1.4106               0.0471      3.3369
GRU              1.4080  1.3714               0.0366      2.6711
LSTM             1.4821  1.3682               0.1139      8.3244
MLP              1.8284  4.4297              -2.6013    -58.7242
Mamba            1.6254  1.4355               0.1899     13.2276
Ridge            1.6033  1.3764               0.2269     16.4848

  Negative diff_aug_minus_real  → augmentation IMPROVES RMSE
  Positive diff_aug_minus_real  → augmentation HURTS RMSE (consistent with memorizing synthetic patterns)

  Per-seed Diebold-Mariano (augmented vs real), FDR-corrected:
architecture  seed  dm_augmented_vs_real      p   p_bh  rmse_diff_aug_minus_real
BayesianLSTM     1                1.4547 0.1593 0.2787                    0.1273
BayesianLSTM     7                0.3400 0.7370 0.8061                    0.0284
BayesianLSTM    42                0.9823 0.3361 0.4525                    0.0903
BayesianLSTM   123                1.6217 0.1185 0.2440                    0.1479
BayesianLSTM  2024                1.7405 0.0951 0.2081                    0.2055
      BiLSTM     1                0.2423 0.8107 0.8599                    0.0231
      BiLSTM     7                1.0054 0.3252 0.4525                    0.0867
      BiLSTM    42                1.1875 0.2471 0.3761                    0.1521
      BiLSTM   123               -1.9815 0.0596 0.1391                   -0.2154
      BiLSTM  2024                1.5332 0.1389 0.2700                    0.1889
         GRU     1                0.9252 0.3645 0.4556                    0.1006
         GRU     7                0.6942 0.4945 0.5968                    0.0925
         GRU    42                0.9489 0.3525 0.4556                    0.1165
         GRU   123               -0.0907 0.9286 0.9553                   -0.0106
         GRU  2024               -1.3975 0.1756 0.2927                   -0.1158
        LSTM     1                1.0997 0.2828 0.4125                    0.1028
        LSTM     7                1.4783 0.1529 0.2787                    0.1851
        LSTM    42               -1.3320 0.1959 0.3117                   -0.1068
        LSTM   123                0.5206 0.6076 0.7089                    0.0819
        LSTM  2024                2.2557 0.0339 0.0848                    0.3064
         MLP     1               -4.0360 0.0005 0.0064                   -3.0775
         MLP     7               -3.0319 0.0059 0.0296                   -1.9472
         MLP    42               -4.0103 0.0005 0.0064                   -2.6668
         MLP   123               -4.0919 0.0004 0.0064                   -2.7674
         MLP  2024               -3.8721 0.0008 0.0068                   -2.5478
       Mamba     1                2.6901 0.0131 0.0572                    0.3542
       Mamba     7               -0.0566 0.9553 0.9553                   -0.0059
       Mamba    42                3.4782 0.0020 0.0142                    0.2195
       Mamba   123                0.4346 0.6679 0.7540                    0.0412
       Mamba  2024                3.1529 0.0045 0.0260                    0.3406
       Ridge     1                2.2809 0.0321 0.0848                    0.2269
       Ridge     7                2.2809 0.0321 0.0848                    0.2269
       Ridge    42                2.2809 0.0321 0.0848                    0.2269
       Ridge   123                2.2809 0.0321 0.0848                    0.2269
       Ridge  2024                2.2809 0.0321 0.0848                    0.2269

  Wilcoxon signed-rank (paired RMSE, augmented vs real) per architecture across the seed panel:
    BayesianLSTM   W=0.000  p=0.0625  median(aug-real)=+0.1273
    LSTM           W=3.000  p=0.3125  median(aug-real)=+0.1028
    GRU            W=5.000  p=0.6250  median(aug-real)=+0.0925
    BiLSTM         W=5.000  p=0.6250  median(aug-real)=+0.0867
    Mamba          W=1.000  p=0.1250  median(aug-real)=+0.2195
    Ridge          W=0.000  p=0.0625  median(aug-real)=+0.2269
    MLP            W=0.000  p=0.0625  median(aug-real)=-2.6668
Saved summary → table_ablation_raw_summary.csv
Saved Wilcoxon tests → table_ablation_raw_wilcoxon.csv

✅ Augmentation ablation (Section 8.2 follow-up) complete.
